Using pre-set license
Built from '2021.3/staging' branch; Version is '2021.3.4f1 (cb45f9cae8b7) revision 13321721'; Using compiler version '192829333'; Build Type 'Release'
OS: 'Windows 11  (10.0.26100) 64bit Professional' Language: 'it' Physical Memory: 64900 MB
BatchMode: 1, IsHumanControllingUs: 0, StartBugReporterOnCrash: 0, Is64bit: 1, IsPro: 1

COMMAND LINE ARGUMENTS:
C:\Program Files\Unity\Hub\Editor\2021.3.4f1\Editor\Unity.exe
-adb2
-batchMode
-noUpm
-name
AssetImportWorker3
-projectPath
F:/Unity/Projects/Miniclip/Giuseppe.Amodeo.basket-challenge/BasketballChallenge
-logFile
Logs/AssetImportWorker3.log
-srvPort
52602
Successfully changed project path to: F:/Unity/Projects/Miniclip/Giuseppe.Amodeo.basket-challenge/BasketballChallenge
F:/Unity/Projects/Miniclip/Giuseppe.Amodeo.basket-challenge/BasketballChallenge
[UnityMemory] Configuration Parameters - Can be set up in boot.config
    "memorysetup-bucket-allocator-granularity=16"
    "memorysetup-bucket-allocator-bucket-count=8"
    "memorysetup-bucket-allocator-block-size=33554432"
    "memorysetup-bucket-allocator-block-count=8"
    "memorysetup-main-allocator-block-size=16777216"
    "memorysetup-thread-allocator-block-size=16777216"
    "memorysetup-gfx-main-allocator-block-size=16777216"
    "memorysetup-gfx-thread-allocator-block-size=16777216"
    "memorysetup-cache-allocator-block-size=4194304"
    "memorysetup-typetree-allocator-block-size=2097152"
    "memorysetup-profiler-bucket-allocator-granularity=16"
    "memorysetup-profiler-bucket-allocator-bucket-count=8"
    "memorysetup-profiler-bucket-allocator-block-size=33554432"
    "memorysetup-profiler-bucket-allocator-block-count=8"
    "memorysetup-profiler-allocator-block-size=16777216"
    "memorysetup-profiler-editor-allocator-block-size=1048576"
    "memorysetup-temp-allocator-size-main=16777216"
    "memorysetup-job-temp-allocator-block-size=2097152"
    "memorysetup-job-temp-allocator-block-size-background=1048576"
    "memorysetup-job-temp-allocator-reduction-small-platforms=262144"
    "memorysetup-temp-allocator-size-background-worker=32768"
    "memorysetup-temp-allocator-size-job-worker=262144"
    "memorysetup-temp-allocator-size-preload-manager=33554432"
    "memorysetup-temp-allocator-size-nav-mesh-worker=65536"
    "memorysetup-temp-allocator-size-audio-worker=65536"
    "memorysetup-temp-allocator-size-cloud-worker=32768"
    "memorysetup-temp-allocator-size-gi-baking-worker=262144"
    "memorysetup-temp-allocator-size-gfx=262144"
Refreshing native plugins compatible for Editor in 34.12 ms, found 3 plugins.
Preloading 0 native plugins for Editor in 0.00 ms.
Initialize engine version: 2021.3.4f1 (cb45f9cae8b7)
[Subsystems] Discovering subsystems at path C:/Program Files/Unity/Hub/Editor/2021.3.4f1/Editor/Data/Resources/UnitySubsystems
[Subsystems] Discovering subsystems at path F:/Unity/Projects/Miniclip/Giuseppe.Amodeo.basket-challenge/BasketballChallenge/Assets
GfxDevice: creating device client; threaded=0; jobified=0
Direct3D:
    Version:  Direct3D 11.0 [level 11.1]
    Renderer: NVIDIA GeForce RTX 5060 Ti (ID=0x2d04)
    Vendor:   NVIDIA
    VRAM:     15962 MB
    Driver:   32.0.15.7688
Initialize mono
Mono path[0] = 'C:/Program Files/Unity/Hub/Editor/2021.3.4f1/Editor/Data/Managed'
Mono path[1] = 'C:/Program Files/Unity/Hub/Editor/2021.3.4f1/Editor/Data/MonoBleedingEdge/lib/mono/unityjit-win32'
Mono config path = 'C:/Program Files/Unity/Hub/Editor/2021.3.4f1/Editor/Data/MonoBleedingEdge/etc'
Using monoOptions --debugger-agent=transport=dt_socket,embedding=1,server=y,suspend=n,address=127.0.0.1:56384
Begin MonoManager ReloadAssembly
Registering precompiled unity dll's ...
Register platform support module: C:/Program Files/Unity/Hub/Editor/2021.3.4f1/Editor/Data/PlaybackEngines/AndroidPlayer/UnityEditor.Android.Extensions.dll
Register platform support module: C:/Program Files/Unity/Hub/Editor/2021.3.4f1/Editor/Data/PlaybackEngines/WindowsStandaloneSupport/UnityEditor.WindowsStandalone.Extensions.dll
Registered in 0.004001 seconds.
Native extension for WindowsStandalone target not found
Native extension for Android target not found
Refreshing native plugins compatible for Editor in 32.79 ms, found 3 plugins.
Preloading 0 native plugins for Editor in 0.00 ms.
Mono: successfully reloaded assembly
- Completed reload, in  0.323 seconds
Domain Reload Profiling:
	ReloadAssembly (323ms)
		BeginReloadAssembly (39ms)
			ExecutionOrderSort (0ms)
			DisableScriptedObjects (0ms)
			BackupInstance (0ms)
			ReleaseScriptingObjects (0ms)
			CreateAndSetChildDomain (1ms)
		EndReloadAssembly (227ms)
			LoadAssemblies (38ms)
			RebuildTransferFunctionScriptingTraits (0ms)
			SetupTypeCache (52ms)
			ReleaseScriptCaches (0ms)
			RebuildScriptCaches (13ms)
			SetupLoadedEditorAssemblies (134ms)
				LogAssemblyErrors (0ms)
				InitializePlatformSupportModulesInManaged (29ms)
				SetLoadedEditorAssemblies (0ms)
				RefreshPlugins (33ms)
				BeforeProcessingInitializeOnLoad (1ms)
				ProcessInitializeOnLoadAttributes (49ms)
				ProcessInitializeOnLoadMethodAttributes (23ms)
				AfterProcessingInitializeOnLoad (0ms)
				EditorAssembliesLoaded (0ms)
			ExecutionOrderSort2 (0ms)
			AwakeInstancesAfterBackupRestoration (0ms)
Platform modules already initialized, skipping
Registering precompiled user dll's ...
Registered in 0.001469 seconds.
Begin MonoManager ReloadAssembly
Symbol file LoadedFromMemory doesn't match image F:\Unity\Projects\Miniclip\Giuseppe.Amodeo.basket-challenge\BasketballChallenge\Library\PackageCache\com.unity.visualscripting@1.7.8\Editor\VisualScripting.Core\Dependencies\YamlDotNet\Unity.VisualScripting.YamlDotNet.dll
Symbol file LoadedFromMemory doesn't match image F:\Unity\Projects\Miniclip\Giuseppe.Amodeo.basket-challenge\BasketballChallenge\Library\PackageCache\com.unity.visualscripting@1.7.8\Editor\VisualScripting.Core\Dependencies\DotNetZip\Unity.VisualScripting.IonicZip.dll
Native extension for WindowsStandalone target not found
Native extension for Android target not found
Refreshing native plugins compatible for Editor in 0.68 ms, found 3 plugins.
Preloading 0 native plugins for Editor in 0.00 ms.
Mono: successfully reloaded assembly
Package Manager log level set to [2]
- Completed reload, in  0.895 seconds
Domain Reload Profiling:
	ReloadAssembly (895ms)
		BeginReloadAssembly (173ms)
			ExecutionOrderSort (0ms)
			DisableScriptedObjects (5ms)
			BackupInstance (0ms)
			ReleaseScriptingObjects (0ms)
			CreateAndSetChildDomain (118ms)
		EndReloadAssembly (616ms)
			LoadAssemblies (50ms)
			RebuildTransferFunctionScriptingTraits (0ms)
			SetupTypeCache (282ms)
			ReleaseScriptCaches (1ms)
			RebuildScriptCaches (50ms)
			SetupLoadedEditorAssemblies (185ms)
				LogAssemblyErrors (0ms)
				InitializePlatformSupportModulesInManaged (8ms)
				SetLoadedEditorAssemblies (0ms)
				RefreshPlugins (1ms)
				BeforeProcessingInitializeOnLoad (41ms)
				ProcessInitializeOnLoadAttributes (118ms)
				ProcessInitializeOnLoadMethodAttributes (14ms)
				AfterProcessingInitializeOnLoad (3ms)
				EditorAssembliesLoaded (0ms)
			ExecutionOrderSort2 (0ms)
			AwakeInstancesAfterBackupRestoration (3ms)
Platform modules already initialized, skipping
========================================================================
Worker process is ready to serve import requests
Launched and connected shader compiler UnityShaderCompiler.exe after 0.03 seconds
Refreshing native plugins compatible for Editor in 0.68 ms, found 3 plugins.
Preloading 0 native plugins for Editor in 0.00 ms.
Unloading 3487 Unused Serialized files (Serialized files now loaded: 0)
Unloading 40 unused Assets / (55.7 KB). Loaded Objects now: 3933.
Memory consumption went from 121.5 MB to 121.4 MB.
Total: 2.085100 ms (FindLiveObjects: 0.223500 ms CreateObjectMapping: 0.052600 ms MarkObjects: 1.739200 ms  DeleteObjects: 0.069200 ms)

AssetImportParameters requested are different than current active one (requested -> active):
  custom:video-decoder-ogg-theora: a1e56fd34408186e4bbccfd4996cb3dc -> 
  custom:container-muxer-webm: aa71ff27fc2769a1b78a27578f13a17b -> 
  custom:container-demuxer-webm: 4f35f7cbe854078d1ac9338744f61a02 -> 
  custom:video-encoder-webm-vp8: eb34c28f22e8b96e1ab97ce403110664 -> 
  custom:video-codec-MediaFoundation-h265: 746d11721c4dcdbdad8f713fa42b33f4 -> 
  custom:audio-encoder-webm-vorbis: bf7c407c2cedff20999df2af8eb42d56 -> 
  custom:framework-win-MediaFoundation: 216162199b28c13a410421893ffa2e32 -> 
  custom:container-demuxer-ogg: 62fdf1f143b41e24485cea50d1cbac27 -> 
  custom:video-decoder-webm-vp8: 9c59270c3fd7afecdb556c50c9e8de78 -> 
  custom:audio-decoder-ogg-vorbis: bf7c407c2cedff20999df2af8eb42d56 -> 
========================================================================
Received Import Request.
  Time since last request: 4567.986404 seconds.
  path: Assets/Basketball_court/Models/Basketball_court/T_court_normal.png
  artifactKey: Guid(fb9524a8904c35a49aa55e4c28ee89c5) Importer(815301076,1909f56bfc062723c751e8b465ee728b)
Start importing Assets/Basketball_court/Models/Basketball_court/T_court_normal.png using Guid(fb9524a8904c35a49aa55e4c28ee89c5) Importer(815301076,1909f56bfc062723c751e8b465ee728b)  -> (artifact id: 'f0ce33b668b715f9e7b2a0b10e236c86') in 0.060341 seconds 
========================================================================
Received Import Request.
  Time since last request: 0.580356 seconds.
  path: Assets/Basketball_court/Models/BasketBall_hoop/Basketball_hoop_low_Basketball_hoop_Normal.png
  artifactKey: Guid(e4e0cb5d42aed274a93ff8cd36d8f6b1) Importer(815301076,1909f56bfc062723c751e8b465ee728b)
Start importing Assets/Basketball_court/Models/BasketBall_hoop/Basketball_hoop_low_Basketball_hoop_Normal.png using Guid(e4e0cb5d42aed274a93ff8cd36d8f6b1) Importer(815301076,1909f56bfc062723c751e8b465ee728b)  -> (artifact id: '6db5f8768c6cf700b38c3e317060cb25') in 0.101734 seconds 
========================================================================
Received Import Request.
  Time since last request: 0.522243 seconds.
  path: Assets/Basketball_court/Models/BasketBench/Bench_low_Bench_Normal.png
  artifactKey: Guid(3b41881981603ec4fa89570b8325d53d) Importer(815301076,1909f56bfc062723c751e8b465ee728b)
Start importing Assets/Basketball_court/Models/BasketBench/Bench_low_Bench_Normal.png using Guid(3b41881981603ec4fa89570b8325d53d) Importer(815301076,1909f56bfc062723c751e8b465ee728b)  -> (artifact id: '1a944ec5f20a935b392e527c9a19b71b') in 0.095445 seconds 
========================================================================
Received Import Request.
  Time since last request: 0.702902 seconds.
  path: Assets/Basketball_court/Models/Fence1/Fence_01_low_Fence_01_Normal.png
  artifactKey: Guid(23b7c71b5bcb03b498763b3f4de1e7b2) Importer(815301076,1909f56bfc062723c751e8b465ee728b)
Start importing Assets/Basketball_court/Models/Fence1/Fence_01_low_Fence_01_Normal.png using Guid(23b7c71b5bcb03b498763b3f4de1e7b2) Importer(815301076,1909f56bfc062723c751e8b465ee728b)  -> (artifact id: '8d93176f5ded762368a772499a402c97') in 0.097730 seconds 
========================================================================
Received Import Request.
  Time since last request: 0.476000 seconds.
  path: Assets/Basketball_court/Models/Fence2/Fence_02_low_Fence_02_Normal.png
  artifactKey: Guid(1020afdc63f9fdc4093a24afb45ef7a5) Importer(815301076,1909f56bfc062723c751e8b465ee728b)
Start importing Assets/Basketball_court/Models/Fence2/Fence_02_low_Fence_02_Normal.png using Guid(1020afdc63f9fdc4093a24afb45ef7a5) Importer(815301076,1909f56bfc062723c751e8b465ee728b)  -> (artifact id: 'bd6f376c06a1148947ed47e52272344a') in 0.124086 seconds 
========================================================================
Received Import Request.
  Time since last request: 0.395396 seconds.
  path: Assets/Basketball_court/Models/Fence3/Fence_03_low_Fence_03_Normal.png
  artifactKey: Guid(21dba9b4c165b8e44a5f65e37a07523e) Importer(815301076,1909f56bfc062723c751e8b465ee728b)
Start importing Assets/Basketball_court/Models/Fence3/Fence_03_low_Fence_03_Normal.png using Guid(21dba9b4c165b8e44a5f65e37a07523e) Importer(815301076,1909f56bfc062723c751e8b465ee728b)  -> (artifact id: 'a209d7f48665f341069a048ab6c269e0') in 0.129315 seconds 
========================================================================
Received Import Request.
  Time since last request: 0.347919 seconds.
  path: Assets/Basketball_court/Models/Fence4_door/Fence_04_door_low_Fence_04_door_Normal.png
  artifactKey: Guid(6155278e74a43404899c0b3d5e48d601) Importer(815301076,1909f56bfc062723c751e8b465ee728b)
Start importing Assets/Basketball_court/Models/Fence4_door/Fence_04_door_low_Fence_04_door_Normal.png using Guid(6155278e74a43404899c0b3d5e48d601) Importer(815301076,1909f56bfc062723c751e8b465ee728b)  -> (artifact id: '86eee885ebf8a6cf09a6e8ae7d59e825') in 0.123554 seconds 
========================================================================
Received Import Request.
  Time since last request: 0.411279 seconds.
  path: Assets/Basketball_court/Models/Guitar/SM_Guitar_M_Guitar_Normal.png
  artifactKey: Guid(c4a974a4aaa86a549a117aab7e0692c4) Importer(815301076,1909f56bfc062723c751e8b465ee728b)
Start importing Assets/Basketball_court/Models/Guitar/SM_Guitar_M_Guitar_Normal.png using Guid(c4a974a4aaa86a549a117aab7e0692c4) Importer(815301076,1909f56bfc062723c751e8b465ee728b)  -> (artifact id: 'cd814a16bf5af95e4c9f86e9e9aba411') in 0.156940 seconds 
========================================================================
Received Import Request.
  Time since last request: 0.515109 seconds.
  path: Assets/Basketball_court/Models/Street_Light/Street_light_low_Street_light_MaskMap.png
  artifactKey: Guid(ea4677a1472232747b1d282d723a3b1f) Importer(815301076,1909f56bfc062723c751e8b465ee728b)
Start importing Assets/Basketball_court/Models/Street_Light/Street_light_low_Street_light_MaskMap.png using Guid(ea4677a1472232747b1d282d723a3b1f) Importer(815301076,1909f56bfc062723c751e8b465ee728b)  -> (artifact id: 'dde7d0047a59ad13a7b81ac6efbf82cc') in 0.109387 seconds 
========================================================================
Received Import Request.
  Time since last request: 0.631391 seconds.
  path: Assets/Basketball_court/Models/TrashBin_02/Trashbing_02.mat
  artifactKey: Guid(08aa8b62403a9f24ebb8462927903d54) Importer(815301076,1909f56bfc062723c751e8b465ee728b)
Start importing Assets/Basketball_court/Models/TrashBin_02/Trashbing_02.mat using Guid(08aa8b62403a9f24ebb8462927903d54) Importer(815301076,1909f56bfc062723c751e8b465ee728b)  -> (artifact id: '01a4687cded311b5f7abacb7662957fc') in 0.316853 seconds 
========================================================================
Received Import Request.
  Time since last request: 1684.535107 seconds.
  path: Assets/BasketballShooting/Materials/GoalBoardMaterial.mat
  artifactKey: Guid(201e2e91a95784e0ca3c5337eebc5a91) Importer(815301076,1909f56bfc062723c751e8b465ee728b)
Start importing Assets/BasketballShooting/Materials/GoalBoardMaterial.mat using Guid(201e2e91a95784e0ca3c5337eebc5a91) Importer(815301076,1909f56bfc062723c751e8b465ee728b)  -> (artifact id: '3b4f02dbbfd7b9b99b205323593995a7') in 0.074769 seconds 
========================================================================
Received Import Request.
  Time since last request: 0.000022 seconds.
  path: Assets/BasketballShooting/Materials/GoalNetMaterial.mat
  artifactKey: Guid(7f0894a28f6444e338294329c1c737ef) Importer(815301076,1909f56bfc062723c751e8b465ee728b)
Start importing Assets/BasketballShooting/Materials/GoalNetMaterial.mat using Guid(7f0894a28f6444e338294329c1c737ef) Importer(815301076,1909f56bfc062723c751e8b465ee728b)  -> (artifact id: 'a6d517da4cff1fb29b34ff9c0c466075') in 0.062951 seconds 
Editor requested this worker to shutdown with reason: Scaling down because of idle timeout
AssetImportWorkerClient::OnTransportError - code=2 error=End of file
AssetImportWorker is now disconnected from the server
Process exiting
Exiting without the bug reporter. Application will terminate with return code 0