Using pre-set license
Built from '2021.3/staging' branch; Version is '2021.3.4f1 (cb45f9cae8b7) revision 13321721'; Using compiler version '192829333'; Build Type 'Release'
OS: 'Windows 11  (10.0.26100) 64bit Professional' Language: 'it' Physical Memory: 64900 MB
BatchMode: 1, IsHumanControllingUs: 0, StartBugReporterOnCrash: 0, Is64bit: 1, IsPro: 1

COMMAND LINE ARGUMENTS:
C:\Program Files\Unity\Hub\Editor\2021.3.4f1\Editor\Unity.exe
-adb2
-batchMode
-noUpm
-name
AssetImportWorker0
-projectPath
F:/Unity/Projects/Miniclip/Giuseppe.Amodeo.basket-challenge/BasketballChallenge
-logFile
Logs/AssetImportWorker0.log
-srvPort
52602
Successfully changed project path to: F:/Unity/Projects/Miniclip/Giuseppe.Amodeo.basket-challenge/BasketballChallenge
F:/Unity/Projects/Miniclip/Giuseppe.Amodeo.basket-challenge/BasketballChallenge
[UnityMemory] Configuration Parameters - Can be set up in boot.config
    "memorysetup-bucket-allocator-granularity=16"
    "memorysetup-bucket-allocator-bucket-count=8"
    "memorysetup-bucket-allocator-block-size=33554432"
    "memorysetup-bucket-allocator-block-count=8"
    "memorysetup-main-allocator-block-size=16777216"
    "memorysetup-thread-allocator-block-size=16777216"
    "memorysetup-gfx-main-allocator-block-size=16777216"
    "memorysetup-gfx-thread-allocator-block-size=16777216"
    "memorysetup-cache-allocator-block-size=4194304"
    "memorysetup-typetree-allocator-block-size=2097152"
    "memorysetup-profiler-bucket-allocator-granularity=16"
    "memorysetup-profiler-bucket-allocator-bucket-count=8"
    "memorysetup-profiler-bucket-allocator-block-size=33554432"
    "memorysetup-profiler-bucket-allocator-block-count=8"
    "memorysetup-profiler-allocator-block-size=16777216"
    "memorysetup-profiler-editor-allocator-block-size=1048576"
    "memorysetup-temp-allocator-size-main=16777216"
    "memorysetup-job-temp-allocator-block-size=2097152"
    "memorysetup-job-temp-allocator-block-size-background=1048576"
    "memorysetup-job-temp-allocator-reduction-small-platforms=262144"
    "memorysetup-temp-allocator-size-background-worker=32768"
    "memorysetup-temp-allocator-size-job-worker=262144"
    "memorysetup-temp-allocator-size-preload-manager=33554432"
    "memorysetup-temp-allocator-size-nav-mesh-worker=65536"
    "memorysetup-temp-allocator-size-audio-worker=65536"
    "memorysetup-temp-allocator-size-cloud-worker=32768"
    "memorysetup-temp-allocator-size-gi-baking-worker=262144"
    "memorysetup-temp-allocator-size-gfx=262144"
Refreshing native plugins compatible for Editor in 33.05 ms, found 3 plugins.
Preloading 0 native plugins for Editor in 0.00 ms.
Initialize engine version: 2021.3.4f1 (cb45f9cae8b7)
[Subsystems] Discovering subsystems at path C:/Program Files/Unity/Hub/Editor/2021.3.4f1/Editor/Data/Resources/UnitySubsystems
[Subsystems] Discovering subsystems at path F:/Unity/Projects/Miniclip/Giuseppe.Amodeo.basket-challenge/BasketballChallenge/Assets
GfxDevice: creating device client; threaded=0; jobified=0
Direct3D:
    Version:  Direct3D 11.0 [level 11.1]
    Renderer: NVIDIA GeForce RTX 5060 Ti (ID=0x2d04)
    Vendor:   NVIDIA
    VRAM:     15962 MB
    Driver:   32.0.15.7688
Initialize mono
Mono path[0] = 'C:/Program Files/Unity/Hub/Editor/2021.3.4f1/Editor/Data/Managed'
Mono path[1] = 'C:/Program Files/Unity/Hub/Editor/2021.3.4f1/Editor/Data/MonoBleedingEdge/lib/mono/unityjit-win32'
Mono config path = 'C:/Program Files/Unity/Hub/Editor/2021.3.4f1/Editor/Data/MonoBleedingEdge/etc'
Using monoOptions --debugger-agent=transport=dt_socket,embedding=1,server=y,suspend=n,address=127.0.0.1:56228
Begin MonoManager ReloadAssembly
Registering precompiled unity dll's ...
Register platform support module: C:/Program Files/Unity/Hub/Editor/2021.3.4f1/Editor/Data/PlaybackEngines/AndroidPlayer/UnityEditor.Android.Extensions.dll
Register platform support module: C:/Program Files/Unity/Hub/Editor/2021.3.4f1/Editor/Data/PlaybackEngines/WindowsStandaloneSupport/UnityEditor.WindowsStandalone.Extensions.dll
Registered in 0.003661 seconds.
Native extension for WindowsStandalone target not found
Native extension for Android target not found
Refreshing native plugins compatible for Editor in 32.31 ms, found 3 plugins.
Preloading 0 native plugins for Editor in 0.00 ms.
Mono: successfully reloaded assembly
- Completed reload, in  0.317 seconds
Domain Reload Profiling:
	ReloadAssembly (317ms)
		BeginReloadAssembly (39ms)
			ExecutionOrderSort (0ms)
			DisableScriptedObjects (0ms)
			BackupInstance (0ms)
			ReleaseScriptingObjects (0ms)
			CreateAndSetChildDomain (0ms)
		EndReloadAssembly (222ms)
			LoadAssemblies (39ms)
			RebuildTransferFunctionScriptingTraits (0ms)
			SetupTypeCache (53ms)
			ReleaseScriptCaches (0ms)
			RebuildScriptCaches (13ms)
			SetupLoadedEditorAssemblies (131ms)
				LogAssemblyErrors (0ms)
				InitializePlatformSupportModulesInManaged (28ms)
				SetLoadedEditorAssemblies (0ms)
				RefreshPlugins (32ms)
				BeforeProcessingInitializeOnLoad (1ms)
				ProcessInitializeOnLoadAttributes (48ms)
				ProcessInitializeOnLoadMethodAttributes (22ms)
				AfterProcessingInitializeOnLoad (0ms)
				EditorAssembliesLoaded (0ms)
			ExecutionOrderSort2 (0ms)
			AwakeInstancesAfterBackupRestoration (0ms)
Platform modules already initialized, skipping
Registering precompiled user dll's ...
Registered in 0.002082 seconds.
Begin MonoManager ReloadAssembly
Symbol file LoadedFromMemory doesn't match image F:\Unity\Projects\Miniclip\Giuseppe.Amodeo.basket-challenge\BasketballChallenge\Library\PackageCache\com.unity.visualscripting@1.7.8\Editor\VisualScripting.Core\Dependencies\YamlDotNet\Unity.VisualScripting.YamlDotNet.dll
Symbol file LoadedFromMemory doesn't match image F:\Unity\Projects\Miniclip\Giuseppe.Amodeo.basket-challenge\BasketballChallenge\Library\PackageCache\com.unity.visualscripting@1.7.8\Editor\VisualScripting.Core\Dependencies\DotNetZip\Unity.VisualScripting.IonicZip.dll
Native extension for WindowsStandalone target not found
Native extension for Android target not found
Refreshing native plugins compatible for Editor in 0.42 ms, found 3 plugins.
Preloading 0 native plugins for Editor in 0.00 ms.
Mono: successfully reloaded assembly
Package Manager log level set to [2]
- Completed reload, in  0.618 seconds
Domain Reload Profiling:
	ReloadAssembly (618ms)
		BeginReloadAssembly (166ms)
			ExecutionOrderSort (0ms)
			DisableScriptedObjects (3ms)
			BackupInstance (0ms)
			ReleaseScriptingObjects (0ms)
			CreateAndSetChildDomain (120ms)
		EndReloadAssembly (392ms)
			LoadAssemblies (45ms)
			RebuildTransferFunctionScriptingTraits (0ms)
			SetupTypeCache (118ms)
			ReleaseScriptCaches (0ms)
			RebuildScriptCaches (27ms)
			SetupLoadedEditorAssemblies (182ms)
				LogAssemblyErrors (0ms)
				InitializePlatformSupportModulesInManaged (7ms)
				SetLoadedEditorAssemblies (0ms)
				RefreshPlugins (0ms)
				BeforeProcessingInitializeOnLoad (37ms)
				ProcessInitializeOnLoadAttributes (119ms)
				ProcessInitializeOnLoadMethodAttributes (14ms)
				AfterProcessingInitializeOnLoad (3ms)
				EditorAssembliesLoaded (0ms)
			ExecutionOrderSort2 (0ms)
			AwakeInstancesAfterBackupRestoration (3ms)
Platform modules already initialized, skipping
========================================================================
Worker process is ready to serve import requests
Launched and connected shader compiler UnityShaderCompiler.exe after 0.03 seconds
Refreshing native plugins compatible for Editor in 0.76 ms, found 3 plugins.
Preloading 0 native plugins for Editor in 0.00 ms.
Unloading 3487 Unused Serialized files (Serialized files now loaded: 0)
Unloading 40 unused Assets / (56.3 KB). Loaded Objects now: 3933.
Memory consumption went from 121.5 MB to 121.4 MB.
Total: 17.019200 ms (FindLiveObjects: 0.215100 ms CreateObjectMapping: 0.049600 ms MarkObjects: 16.631700 ms  DeleteObjects: 0.121200 ms)

AssetImportParameters requested are different than current active one (requested -> active):
  custom:video-decoder-ogg-theora: a1e56fd34408186e4bbccfd4996cb3dc -> 
  custom:container-muxer-webm: aa71ff27fc2769a1b78a27578f13a17b -> 
  custom:container-demuxer-webm: 4f35f7cbe854078d1ac9338744f61a02 -> 
  custom:video-encoder-webm-vp8: eb34c28f22e8b96e1ab97ce403110664 -> 
  custom:video-codec-MediaFoundation-h265: 746d11721c4dcdbdad8f713fa42b33f4 -> 
  custom:audio-encoder-webm-vorbis: bf7c407c2cedff20999df2af8eb42d56 -> 
  custom:framework-win-MediaFoundation: 216162199b28c13a410421893ffa2e32 -> 
  custom:container-demuxer-ogg: 62fdf1f143b41e24485cea50d1cbac27 -> 
  custom:video-decoder-webm-vp8: 9c59270c3fd7afecdb556c50c9e8de78 -> 
  custom:audio-decoder-ogg-vorbis: bf7c407c2cedff20999df2af8eb42d56 -> 
========================================================================
Received Import Request.
  Time since last request: 4531.195933 seconds.
  path: Assets/Basketball_court/Prefabs/Fence_01_low.prefab
  artifactKey: Guid(eb3b93bbe23912e43b0bcde29683de09) Importer(815301076,1909f56bfc062723c751e8b465ee728b)
Start importing Assets/Basketball_court/Prefabs/Fence_01_low.prefab using Guid(eb3b93bbe23912e43b0bcde29683de09) Importer(815301076,1909f56bfc062723c751e8b465ee728b)  -> (artifact id: '2803fa43a4790af1d011fc6d781b0939') in 0.326980 seconds 
========================================================================
Received Import Request.
  Time since last request: 0.000021 seconds.
  path: Assets/Basketball_court/Models/Ball/basketball_ball_Ball_MaskMap.png
  artifactKey: Guid(d620a57f78f4a8a41a1dffb6481c24f0) Importer(815301076,1909f56bfc062723c751e8b465ee728b)
Start importing Assets/Basketball_court/Models/Ball/basketball_ball_Ball_MaskMap.png using Guid(d620a57f78f4a8a41a1dffb6481c24f0) Importer(815301076,1909f56bfc062723c751e8b465ee728b)  -> (artifact id: 'db0db72b50bec289f8e184599e137b14') in 0.063787 seconds 
========================================================================
Received Import Request.
  Time since last request: 0.000039 seconds.
  path: Assets/Basketball_court/Prefabs/Bench_low.prefab
  artifactKey: Guid(b7617ddbeb8d914478807f72c7a07903) Importer(815301076,1909f56bfc062723c751e8b465ee728b)
Start importing Assets/Basketball_court/Prefabs/Bench_low.prefab using Guid(b7617ddbeb8d914478807f72c7a07903) Importer(815301076,1909f56bfc062723c751e8b465ee728b)  -> (artifact id: '2647081971c4ca50c7d0ae9e54ddc6d0') in 0.218030 seconds 
========================================================================
Received Import Request.
  Time since last request: 0.000030 seconds.
  path: Assets/Basketball_court/Prefabs/Basketball_hoop_low.prefab
  artifactKey: Guid(ed9fec0e432347748acae8c64217faf5) Importer(815301076,1909f56bfc062723c751e8b465ee728b)
Start importing Assets/Basketball_court/Prefabs/Basketball_hoop_low.prefab using Guid(ed9fec0e432347748acae8c64217faf5) Importer(815301076,1909f56bfc062723c751e8b465ee728b)  -> (artifact id: 'dc31e9570624dd1962079960ee7311ca') in 0.149370 seconds 
========================================================================
Received Import Request.
  Time since last request: 0.000027 seconds.
  path: Assets/Basketball_court/Prefabs/Fence_03_low.prefab
  artifactKey: Guid(c8fa74efe59df734aa2776003c69bb95) Importer(815301076,1909f56bfc062723c751e8b465ee728b)
Start importing Assets/Basketball_court/Prefabs/Fence_03_low.prefab using Guid(c8fa74efe59df734aa2776003c69bb95) Importer(815301076,1909f56bfc062723c751e8b465ee728b)  -> (artifact id: 'cda99d2e59124c70c53b031f9cc0a79b') in 0.193180 seconds 
========================================================================
Received Import Request.
  Time since last request: 35.811137 seconds.
  path: Assets/Basketball_court/Models/Basketball_court/M_court.mat
  artifactKey: Guid(26ce78616c2a08a43890a0040bfdd1d0) Importer(815301076,1909f56bfc062723c751e8b465ee728b)
Start importing Assets/Basketball_court/Models/Basketball_court/M_court.mat using Guid(26ce78616c2a08a43890a0040bfdd1d0) Importer(815301076,1909f56bfc062723c751e8b465ee728b)  -> (artifact id: '6218e8949110ac47b309a640b4865916') in 0.108444 seconds 
========================================================================
Received Import Request.
  Time since last request: 0.532214 seconds.
  path: Assets/Basketball_court/Models/BasketBall_hoop/Basketball_hoop_low_Basketball_hoop_BaseMap.png
  artifactKey: Guid(5ccad394f0ba42744bf0ad6a05012cc5) Importer(815301076,1909f56bfc062723c751e8b465ee728b)
Start importing Assets/Basketball_court/Models/BasketBall_hoop/Basketball_hoop_low_Basketball_hoop_BaseMap.png using Guid(5ccad394f0ba42744bf0ad6a05012cc5) Importer(815301076,1909f56bfc062723c751e8b465ee728b)  -> (artifact id: '1f75fec77c3091f6ad0f79ce3e307d88') in 0.122239 seconds 
========================================================================
Received Import Request.
  Time since last request: 0.501404 seconds.
  path: Assets/Basketball_court/Models/BasketBench/Bench_low_Bench_BaseMap.png
  artifactKey: Guid(aec260ed42fb64640a764f60dd920863) Importer(815301076,1909f56bfc062723c751e8b465ee728b)
Start importing Assets/Basketball_court/Models/BasketBench/Bench_low_Bench_BaseMap.png using Guid(aec260ed42fb64640a764f60dd920863) Importer(815301076,1909f56bfc062723c751e8b465ee728b)  -> (artifact id: '5b9839d6aba6dd1cc642e6be5ab3f81f') in 0.095818 seconds 
========================================================================
Received Import Request.
  Time since last request: 0.701632 seconds.
  path: Assets/Basketball_court/Models/Fence1/Fence_01_low_Fence_01_BaseMap.png
  artifactKey: Guid(69c8c4ba23ee24b408eb9fcf7ba2108f) Importer(815301076,1909f56bfc062723c751e8b465ee728b)
Start importing Assets/Basketball_court/Models/Fence1/Fence_01_low_Fence_01_BaseMap.png using Guid(69c8c4ba23ee24b408eb9fcf7ba2108f) Importer(815301076,1909f56bfc062723c751e8b465ee728b)  -> (artifact id: '6201a50c1b5f335fa8e6af6fccd007c4') in 0.106934 seconds 
========================================================================
Received Import Request.
  Time since last request: 0.466998 seconds.
  path: Assets/Basketball_court/Models/Fence2/Fence_02_low_Fence_02_BaseMap.png
  artifactKey: Guid(516740f1785b15a4688506b184eb9446) Importer(815301076,1909f56bfc062723c751e8b465ee728b)
Start importing Assets/Basketball_court/Models/Fence2/Fence_02_low_Fence_02_BaseMap.png using Guid(516740f1785b15a4688506b184eb9446) Importer(815301076,1909f56bfc062723c751e8b465ee728b)  -> (artifact id: 'd48603f2f5291a810c1c7b121eec952c') in 0.136352 seconds 
========================================================================
Received Import Request.
  Time since last request: 0.382629 seconds.
  path: Assets/Basketball_court/Models/Fence3/Fence_03_low_Fence_03_BaseMap.png
  artifactKey: Guid(c32da4bac3337b34baa21ea5eaa2c3b1) Importer(815301076,1909f56bfc062723c751e8b465ee728b)
Start importing Assets/Basketball_court/Models/Fence3/Fence_03_low_Fence_03_BaseMap.png using Guid(c32da4bac3337b34baa21ea5eaa2c3b1) Importer(815301076,1909f56bfc062723c751e8b465ee728b)  -> (artifact id: '93200b6d3fd121dd3b14d79318dd2825') in 0.105275 seconds 
========================================================================
Received Import Request.
  Time since last request: 0.371132 seconds.
  path: Assets/Basketball_court/Models/Fence4_door/Fence_04_door_low_Fence_04_door_BaseMap.png
  artifactKey: Guid(a4ec8729cebdfa34a8c7b0e3a97cbee2) Importer(815301076,1909f56bfc062723c751e8b465ee728b)
Start importing Assets/Basketball_court/Models/Fence4_door/Fence_04_door_low_Fence_04_door_BaseMap.png using Guid(a4ec8729cebdfa34a8c7b0e3a97cbee2) Importer(815301076,1909f56bfc062723c751e8b465ee728b)  -> (artifact id: '9c346808744d7f45e40685542ec99f33') in 0.085939 seconds 
========================================================================
Received Import Request.
  Time since last request: 0.447477 seconds.
  path: Assets/Basketball_court/Models/Guitar/SM_Guitar_M_Guitar_BaseMap.png
  artifactKey: Guid(fba7174fed7e3834abf362226f1d0f6d) Importer(815301076,1909f56bfc062723c751e8b465ee728b)
Start importing Assets/Basketball_court/Models/Guitar/SM_Guitar_M_Guitar_BaseMap.png using Guid(fba7174fed7e3834abf362226f1d0f6d) Importer(815301076,1909f56bfc062723c751e8b465ee728b)  -> (artifact id: 'd4066d804e2f8de3dd633b5ea5065a89') in 0.081562 seconds 
========================================================================
Received Import Request.
  Time since last request: 0.591519 seconds.
  path: Assets/Basketball_court/Models/Street_Light/Street_light_low_Street_light_BaseMap.png
  artifactKey: Guid(68adea0f2f5e1df458990d3e5d66ce20) Importer(815301076,1909f56bfc062723c751e8b465ee728b)
Start importing Assets/Basketball_court/Models/Street_Light/Street_light_low_Street_light_BaseMap.png using Guid(68adea0f2f5e1df458990d3e5d66ce20) Importer(815301076,1909f56bfc062723c751e8b465ee728b)  -> (artifact id: 'eec6760ec8e4462ecb4d132cb5041e78') in 0.122685 seconds 
========================================================================
Received Import Request.
  Time since last request: 0.618197 seconds.
  path: Assets/Basketball_court/Models/TrashBin_02/Trashbin_02_low_Trashbin_02_MaskMap.png
  artifactKey: Guid(7b297d85bf3061544a256aed5112454b) Importer(815301076,1909f56bfc062723c751e8b465ee728b)
Start importing Assets/Basketball_court/Models/TrashBin_02/Trashbin_02_low_Trashbin_02_MaskMap.png using Guid(7b297d85bf3061544a256aed5112454b) Importer(815301076,1909f56bfc062723c751e8b465ee728b)  -> (artifact id: '24e48f88a494386e675aaf3796dfd416') in 0.059764 seconds 
Editor requested this worker to shutdown with reason: Scaling down because of idle timeout
AssetImportWorker is now disconnected from the server
Process exiting
Exiting without the bug reporter. Application will terminate with return code 0